2026-02-27 14:25:28 로그 파일    : C:\Users\dahyunss\final_sourcing\alibaba_sourcing3\2_logs\pipeline_20260227_142528.log
2026-02-27 14:25:28 입력 파일    : 0_input_gk_260226.csv  (날짜 태그: 260226)
2026-02-27 14:25:28 출력 디렉토리: C:\Users\dahyunss\final_sourcing\alibaba_sourcing3\1_output\260226
2026-02-27 14:25:28 [SKIP] STEP 1 / 10 : GK 변환 → 이미 존재: step1_gk_260226.csv
2026-02-27 14:25:28 [SKIP] STEP 2 / 10 : 영/중 번역 → 이미 존재: step2_translate_260226.csv
2026-02-27 14:25:28 [SKIP] STEP 3·4 / 10 준비 → EN/CN 키워드 CSV 이미 존재
2026-02-27 14:25:28 [SKIP] STEP 3 / 10 : EN 키워드 수집 → all_keywords_suppliers_en.csv 이미 존재
2026-02-27 14:25:28 =======================================================
2026-02-27 14:25:28   STEP 4 / 10 : CN 키워드 수집
2026-02-27 14:25:28   입력: step4_zh_keywords_260226.csv
2026-02-27 14:25:28   출력: C:\Users\dahyunss\final_sourcing\alibaba_sourcing3\1_output\260226\sourcing_data\supplier_search_260226_cn
2026-02-27 14:25:28 =======================================================
2026-02-27 15:23:51 [완료] STEP 4 / 10 : CN 키워드 수집
2026-02-27 15:23:51 =======================================================
2026-02-27 15:23:51   STEP 5 / 10 : 컬럼 통합 (05_combine_column.py)
2026-02-27 15:23:51   출력: step5_combined_260226.csv
2026-02-27 15:23:51 =======================================================
2026-02-27 15:23:51 [완료] STEP 5 / 10 : 컬럼 통합
2026-02-27 15:23:51 =======================================================
2026-02-27 15:23:51   STEP 6 / 10 : 관련성 필터링
2026-02-27 15:23:51   입력: step5_combined_260226.csv
2026-02-27 15:23:51   출력: step6_relevance_260226.csv
2026-02-27 15:23:51 =======================================================
