14개 키워드 로드 완료.
📊 전체 키워드 수: 14개
----------------------------------------
[총 14개 키워드 수집 시작]

📊 진행 상황: 0/14 (0.0%)

[1/14] 🔍 키워드 수집 시도: Car Trunk Organizer
수집 설정: page_size=20, max_pages=20
[1] ⏰ 11.9초 대기 중...
[1] ✅ 총: 20개 | 신규: 20개 | 중복: 0개 | 누적 유니크: 20개
[2] ⏰ 9.0초 대기 중...
[2] ✅ 총: 20개 | 신규: 3개 | 중복: 17개 | 누적 유니크: 23개
[3] ⏰ 7.7초 대기 중...
[3] ✅ 총: 20개 | 신규: 3개 | 중복: 17개 | 누적 유니크: 26개
[4] ⏰ 8.8초 대기 중...
[4] ✅ 총: 20개 | 신규: 3개 | 중복: 17개 | 누적 유니크: 29개
[5] ⏰ 9.8초 대기 중...
[5] ✅ 총: 20개 | 신규: 0개 | 중복: 20개 | 누적 유니크: 29개
[6] ⏰ 7.9초 대기 중...
[6] ✅ 총: 20개 | 신규: 18개 | 중복: 2개 | 누적 유니크: 47개
[7] ⏰ 10.2초 대기 중...
[7] ✅ 총: 20개 | 신규: 14개 | 중복: 6개 | 누적 유니크: 61개
[8] ⏰ 9.8초 대기 중...
[8] ✅ 총: 20개 | 신규: 2개 | 중복: 18개 | 누적 유니크: 63개
[9] ⏰ 7.2초 대기 중...
[9] ✅ 총: 20개 | 신규: 2개 | 중복: 18개 | 누적 유니크: 65개
[10] ⏰ 8.4초 대기 중...
[10] ✅ 총: 20개 | 신규: 1개 | 중복: 19개 | 누적 유니크: 66개
[11] ⏰ 11.5초 대기 중...
[11] ✅ 총: 20개 | 신규: 13개 | 중복: 7개 | 누적 유니크: 79개
[12] ⏰ 7.8초 대기 중...
[12] ✅ 총: 20개 | 신규: 0개 | 중복: 20개 | 누적 유니크: 79개
[13] ⏰ 12.0초 대기 중...
[13] ✅ 총: 20개 | 신규: 1개 | 중복: 19개 | 누적 유니크: 80개
[14] ⏰ 11.7초 대기 중...
[14] ✅ 총: 20개 | 신규: 0개 | 중복: 20개 | 누적 유니크: 80개
[15] ⏰ 10.5초 대기 중...
[15] ✅ 총: 20개 | 신규: 0개 | 중복: 20개 | 누적 유니크: 80개
[16] ⏰ 9.2초 대기 중...
[16] ✅ 총: 20개 | 신규: 16개 | 중복: 4개 | 누적 유니크: 96개
[17] ⏰ 7.2초 대기 중...
[17] ✅ 총: 20개 | 신규: 0개 | 중복: 20개 | 누적 유니크: 96개
[18] ⏰ 6.8초 대기 중...
[18] ✅ 총: 20개 | 신규: 0개 | 중복: 20개 | 누적 유니크: 96개
[19] ⏰ 7.1초 대기 중...
[19] ✅ 총: 20개 | 신규: 0개 | 중복: 20개 | 누적 유니크: 96개
[20] ⏰ 8.3초 대기 중...
[20] ✅ 총: 20개 | 신규: 0개 | 중복: 20개 | 누적 유니크: 96개
📊 수집 요약
==================================================
🔍 키워드: Car Trunk Organizer
📄 페이지: 20개
📦 총 수집: 400개
✅ 유니크: 96개
🔄 중복 제거: 304개 (76.0%)

🏆 최다 등장 제조사 TOP3:
  1. Xiamen Chejumei Environmental Protection
     - 등장: 10번 (페이지: 1, 2, 3, 4, 5, 11, 12, 13, 14, 15)
  2. Zhengzhou Wecare Glove Company Ltd.
     - 등장: 10번 (페이지: 6, 7, 8, 9, 10, 11, 12, 13, 14, 15)
  3. Ningbo Sunnuo Houseware Products Co., Lt
     - 등장: 10번 (페이지: 6, 7, 8, 9, 10, 16, 17, 18, 19, 20)
==================================================
✅ Car Trunk Organizer → suppliers_all.json 생성 완료 (중복 제거됨)

[2/14] 🔍 키워드 수집 시도: Automotive Cargo Storage Box
수집 설정: page_size=20, max_pages=20
[1] ⏰ 10.1초 대기 중...
[1] ✅ 총: 20개 | 신규: 20개 | 중복: 0개 | 누적 유니크: 20개
[2] ⏰ 7.1초 대기 중...
[2] ✅ 총: 20개 | 신규: 3개 | 중복: 17개 | 누적 유니크: 23개
[3] ⏰ 7.6초 대기 중...
[3] ✅ 총: 20개 | 신규: 2개 | 중복: 18개 | 누적 유니크: 25개
[4] ⏰ 9.1초 대기 중...
[4] ✅ 총: 20개 | 신규: 0개 | 중복: 20개 | 누적 유니크: 25개
[5] ⏰ 11.3초 대기 중...
[5] ✅ 총: 20개 | 신규: 0개 | 중복: 20개 | 누적 유니크: 25개
[6] ⏰ 10.5초 대기 중...
[6] ✅ 총: 20개 | 신규: 15개 | 중복: 5개 | 누적 유니크: 40개
[7] ⏰ 11.3초 대기 중...
[7] ✅ 총: 20개 | 신규: 16개 | 중복: 4개 | 누적 유니크: 56개
[8] ⏰ 6.4초 대기 중...
[8] ✅ 총: 20개 | 신규: 3개 | 중복: 17개 | 누적 유니크: 59개
[9] ⏰ 7.0초 대기 중...
[9] ✅ 총: 20개 | 신규: 0개 | 중복: 20개 | 누적 유니크: 59개
[10] ⏰ 8.4초 대기 중...
[10] ✅ 총: 20개 | 신규: 2개 | 중복: 18개 | 누적 유니크: 61개
[11] ⏰ 6.2초 대기 중...
[11] ✅ 총: 20개 | 신규: 9개 | 중복: 11개 | 누적 유니크: 70개
[12] ⏰ 6.6초 대기 중...
[12] ✅ 총: 20개 | 신규: 3개 | 중복: 17개 | 누적 유니크: 73개
[13] ⏰ 7.9초 대기 중...
[13] ✅ 총: 20개 | 신규: 0개 | 중복: 20개 | 누적 유니크: 73개
[14] ⏰ 6.9초 대기 중...
[14] ✅ 총: 20개 | 신규: 0개 | 중복: 20개 | 누적 유니크: 73개
[15] ⏰ 9.1초 대기 중...
[15] ✅ 총: 20개 | 신규: 0개 | 중복: 20개 | 누적 유니크: 73개
[16] ⏰ 11.7초 대기 중...
[16] ✅ 총: 20개 | 신규: 0개 | 중복: 20개 | 누적 유니크: 73개
[17] ⏰ 10.1초 대기 중...
[17] ✅ 총: 20개 | 신규: 0개 | 중복: 20개 | 누적 유니크: 73개
[18] ⏰ 11.6초 대기 중...
[18] ✅ 총: 20개 | 신규: 0개 | 중복: 20개 | 누적 유니크: 73개
[19] ⏰ 7.8초 대기 중...
[19] ✅ 총: 20개 | 신규: 0개 | 중복: 20개 | 누적 유니크: 73개
[20] ⏰ 9.3초 대기 중...
[20] ✅ 총: 20개 | 신규: 0개 | 중복: 20개 | 누적 유니크: 73개
📊 수집 요약
==================================================
🔍 키워드: Automotive Cargo Storage Box
📄 페이지: 20개
📦 총 수집: 400개
✅ 유니크: 73개
🔄 중복 제거: 327개 (81.8%)

🏆 최다 등장 제조사 TOP3:
  1. Hefei Xilaide Trading Co., Ltd.
     - 등장: 19번 (페이지: 1, 2, 3, 5, 6, 7, 8, 9, 10, 11, 12, 13, 14, 15, 16, 17, 18, 19, 20)
  2. Guangzhou Gexune Technology Co., Ltd.
     - 등장: 16번 (페이지: 1, 2, 3, 4, 5, 8, 11, 12, 13, 14, 15, 16, 17, 18, 19, 20)
  3. Ailita (Chengdu) Technology Co., Ltd.
     - 등장: 16번 (페이지: 1, 2, 3, 4, 5, 6, 11, 12, 13, 14, 15, 16, 17, 18, 19, 20)
==================================================
✅ Automotive Cargo Storage Box → suppliers_all.json 생성 완료 (중복 제거됨)

[3/14] 🔍 키워드 수집 시도: Vehicle Boot Organizer Container
수집 설정: page_size=20, max_pages=20
[1] ⏰ 9.6초 대기 중...
[1] ✅ 총: 20개 | 신규: 20개 | 중복: 0개 | 누적 유니크: 20개
[2] ⏰ 9.6초 대기 중...
[2] ✅ 총: 20개 | 신규: 4개 | 중복: 16개 | 누적 유니크: 24개
[3] ⏰ 8.6초 대기 중...
[3] ✅ 총: 20개 | 신규: 0개 | 중복: 20개 | 누적 유니크: 24개
[4] ⏰ 11.0초 대기 중...
[4] ✅ 총: 20개 | 신규: 2개 | 중복: 18개 | 누적 유니크: 26개
[5] ⏰ 11.0초 대기 중...
[5] ✅ 총: 20개 | 신규: 0개 | 중복: 20개 | 누적 유니크: 26개
[6] ⏰ 11.6초 대기 중...
[6] ✅ 총: 20개 | 신규: 18개 | 중복: 2개 | 누적 유니크: 44개
[7] ⏰ 8.1초 대기 중...
[7] ✅ 총: 20개 | 신규: 5개 | 중복: 15개 | 누적 유니크: 49개
[8] ⏰ 9.9초 대기 중...
[8] ✅ 총: 20개 | 신규: 3개 | 중복: 17개 | 누적 유니크: 52개
[9] ⏰ 11.0초 대기 중...
[9] ✅ 총: 20개 | 신규: 1개 | 중복: 19개 | 누적 유니크: 53개
[10] ⏰ 7.9초 대기 중...
[10] ✅ 총: 20개 | 신규: 1개 | 중복: 19개 | 누적 유니크: 54개
[11] ⏰ 6.2초 대기 중...
[11] ✅ 총: 20개 | 신규: 5개 | 중복: 15개 | 누적 유니크: 59개
[12] ⏰ 11.5초 대기 중...
[12] ✅ 총: 20개 | 신규: 1개 | 중복: 19개 | 누적 유니크: 60개
[13] ⏰ 11.7초 대기 중...
[13] ✅ 총: 20개 | 신규: 0개 | 중복: 20개 | 누적 유니크: 60개
[14] ⏰ 7.9초 대기 중...
[14] ✅ 총: 20개 | 신규: 1개 | 중복: 19개 | 누적 유니크: 61개
[15] ⏰ 11.6초 대기 중...
[15] ✅ 총: 20개 | 신규: 1개 | 중복: 19개 | 누적 유니크: 62개
[16] ⏰ 9.0초 대기 중...
[16] ✅ 총: 20개 | 신규: 0개 | 중복: 20개 | 누적 유니크: 62개
[17] ⏰ 11.0초 대기 중...
[17] ✅ 총: 20개 | 신규: 0개 | 중복: 20개 | 누적 유니크: 62개
[18] ⏰ 10.1초 대기 중...
[18] ✅ 총: 20개 | 신규: 1개 | 중복: 19개 | 누적 유니크: 63개
[19] ⏰ 9.0초 대기 중...
[19] ✅ 총: 20개 | 신규: 0개 | 중복: 20개 | 누적 유니크: 63개
[20] ⏰ 9.9초 대기 중...
[20] ✅ 총: 20개 | 신규: 0개 | 중복: 20개 | 누적 유니크: 63개
📊 수집 요약
==================================================
🔍 키워드: Vehicle Boot Organizer Container
📄 페이지: 20개
📦 총 수집: 400개
✅ 유니크: 63개
🔄 중복 제거: 337개 (84.2%)

🏆 최다 등장 제조사 TOP3:
  1. Huangshan Mesorock Industry Co., Ltd.
     - 등장: 20번 (페이지: 1, 2, 3, 4, 5, 6, 7, 8, 9, 10, 11, 12, 13, 14, 15, 16, 17, 18, 19, 20)
  2. Ningbo Jiangqiang Trade Co., Ltd.
     - 등장: 17번 (페이지: 1, 2, 3, 4, 5, 7, 9, 11, 12, 13, 14, 15, 16, 17, 18, 19, 20)
  3. Yiwu Sibada Auto Accessories Co., Ltd.
     - 등장: 16번 (페이지: 2, 3, 5, 8, 9, 10, 11, 12, 13, 14, 15, 16, 17, 18, 19, 20)
==================================================
✅ Vehicle Boot Organizer Container → suppliers_all.json 생성 완료 (중복 제거됨)

[4/14] 🔍 키워드 수집 시도: car tire inflator
수집 설정: page_size=20, max_pages=20
[1] ⏰ 9.5초 대기 중...
[1] ✅ 총: 20개 | 신규: 20개 | 중복: 0개 | 누적 유니크: 20개
[2] ⏰ 7.5초 대기 중...
[2] ✅ 총: 20개 | 신규: 3개 | 중복: 17개 | 누적 유니크: 23개
[3] ⏰ 8.3초 대기 중...
[3] ✅ 총: 20개 | 신규: 1개 | 중복: 19개 | 누적 유니크: 24개
[4] ⏰ 8.4초 대기 중...
[4] ✅ 총: 20개 | 신규: 1개 | 중복: 19개 | 누적 유니크: 25개
[5] ⏰ 9.9초 대기 중...
[5] ✅ 총: 20개 | 신규: 5개 | 중복: 15개 | 누적 유니크: 30개
[6] ⏰ 8.7초 대기 중...
[6] ✅ 총: 20개 | 신규: 14개 | 중복: 6개 | 누적 유니크: 44개
[7] ⏰ 11.4초 대기 중...
[7] ✅ 총: 0개 | 신규: 0개 | 중복: 0개 | 누적 유니크: 44개
📊 수집 요약
==================================================
🔍 키워드: car tire inflator
📄 페이지: 7개
📦 총 수집: 120개
✅ 유니크: 44개
🔄 중복 제거: 76개 (63.3%)

🏆 최다 등장 제조사 TOP3:
  1. Guangzhou Siguang Technology Co., Ltd.
     - 등장: 6번 (페이지: 1, 2, 3, 4, 5, 6)
  2. Yiwu Changyuan Supply Chain Management C
     - 등장: 6번 (페이지: 1, 2, 3, 4, 5, 6)
  3. Shandong Kaisha Automotive Products Co.,
     - 등장: 6번 (페이지: 1, 2, 3, 4, 5, 6)
==================================================
✅ car tire inflator → suppliers_all.json 생성 완료 (중복 제거됨)

[5/14] 🔍 키워드 수집 시도: portable tire air pump
수집 설정: page_size=20, max_pages=20
[1] ⏰ 6.9초 대기 중...
[1] ✅ 총: 20개 | 신규: 20개 | 중복: 0개 | 누적 유니크: 20개
[2] ⏰ 9.5초 대기 중...
[2] ✅ 총: 20개 | 신규: 6개 | 중복: 14개 | 누적 유니크: 26개
[3] ⏰ 11.6초 대기 중...
[3] ✅ 총: 20개 | 신규: 2개 | 중복: 18개 | 누적 유니크: 28개
[4] ⏰ 10.9초 대기 중...
[4] ✅ 총: 20개 | 신규: 1개 | 중복: 19개 | 누적 유니크: 29개
[5] ⏰ 6.8초 대기 중...
[5] ✅ 총: 20개 | 신규: 0개 | 중복: 20개 | 누적 유니크: 29개
[6] ⏰ 8.1초 대기 중...
[6] ✅ 총: 20개 | 신규: 20개 | 중복: 0개 | 누적 유니크: 49개
[7] ⏰ 10.5초 대기 중...
[7] ✅ 총: 20개 | 신규: 10개 | 중복: 10개 | 누적 유니크: 59개
[8] ⏰ 10.4초 대기 중...
[8] ✅ 총: 20개 | 신규: 7개 | 중복: 13개 | 누적 유니크: 66개
[9] ⏰ 10.1초 대기 중...
[9] ✅ 총: 20개 | 신규: 4개 | 중복: 16개 | 누적 유니크: 70개
[10] ⏰ 9.7초 대기 중...
[10] ✅ 총: 20개 | 신규: 0개 | 중복: 20개 | 누적 유니크: 70개
[11] ⏰ 6.1초 대기 중...
[11] ✅ 총: 20개 | 신규: 12개 | 중복: 8개 | 누적 유니크: 82개
[12] ⏰ 11.2초 대기 중...
[12] ✅ 총: 20개 | 신규: 1개 | 중복: 19개 | 누적 유니크: 83개
[13] ⏰ 7.0초 대기 중...
[13] ✅ 총: 20개 | 신규: 0개 | 중복: 20개 | 누적 유니크: 83개
[14] ⏰ 6.7초 대기 중...
[14] ✅ 총: 20개 | 신규: 6개 | 중복: 14개 | 누적 유니크: 89개
[15] ⏰ 10.3초 대기 중...
[15] ✅ 총: 20개 | 신규: 0개 | 중복: 20개 | 누적 유니크: 89개
[16] ⏰ 11.5초 대기 중...
[16] ✅ 총: 20개 | 신규: 10개 | 중복: 10개 | 누적 유니크: 99개
[17] ⏰ 11.2초 대기 중...
[17] ✅ 총: 20개 | 신규: 0개 | 중복: 20개 | 누적 유니크: 99개
[18] ⏰ 11.7초 대기 중...
[18] ✅ 총: 20개 | 신규: 4개 | 중복: 16개 | 누적 유니크: 103개
[19] ⏰ 6.8초 대기 중...
[19] ✅ 총: 20개 | 신규: 1개 | 중복: 19개 | 누적 유니크: 104개
[20] ⏰ 6.3초 대기 중...
[20] ✅ 총: 20개 | 신규: 1개 | 중복: 19개 | 누적 유니크: 105개
📊 수집 요약
==================================================
🔍 키워드: portable tire air pump
📄 페이지: 20개
📦 총 수집: 400개
✅ 유니크: 105개
🔄 중복 제거: 295개 (73.8%)

🏆 최다 등장 제조사 TOP3:
  1. Shandong Kaisha Automotive Products Co.,
     - 등장: 14번 (페이지: 1, 2, 3, 4, 5, 8, 9, 10, 14, 16, 17, 18, 19, 20)
  2. Yuyao Liuyang Appliances Of Autocar Co.,
     - 등장: 12번 (페이지: 8, 9, 10, 11, 12, 13, 14, 15, 16, 17, 18, 19)
  3. Yiwu Laiben Trade Co., Ltd.
     - 등장: 10번 (페이지: 1, 2, 3, 4, 5, 16, 17, 18, 19, 20)
==================================================
✅ portable tire air pump → suppliers_all.json 생성 완료 (중복 제거됨)

[6/14] 🔍 키워드 수집 시도: automotive tire compressor
수집 설정: page_size=20, max_pages=20
[1] ⏰ 11.7초 대기 중...
[1] ✅ 총: 20개 | 신규: 20개 | 중복: 0개 | 누적 유니크: 20개
[2] ⏰ 8.5초 대기 중...
[2] ✅ 총: 20개 | 신규: 2개 | 중복: 18개 | 누적 유니크: 22개
[3] ⏰ 6.2초 대기 중...
[3] ✅ 총: 20개 | 신규: 3개 | 중복: 17개 | 누적 유니크: 25개
[4] ⏰ 6.2초 대기 중...
[4] ✅ 총: 20개 | 신규: 1개 | 중복: 19개 | 누적 유니크: 26개
[5] ⏰ 11.1초 대기 중...
[5] ✅ 총: 20개 | 신규: 3개 | 중복: 17개 | 누적 유니크: 29개
[6] ⏰ 6.0초 대기 중...
[6] ✅ 총: 20개 | 신규: 17개 | 중복: 3개 | 누적 유니크: 46개
[7] ⏰ 11.8초 대기 중...
[7] ✅ 총: 20개 | 신규: 2개 | 중복: 18개 | 누적 유니크: 48개
[8] ⏰ 6.3초 대기 중...
[8] ✅ 총: 20개 | 신규: 4개 | 중복: 16개 | 누적 유니크: 52개
[9] ⏰ 9.1초 대기 중...
[9] ✅ 총: 20개 | 신규: 0개 | 중복: 20개 | 누적 유니크: 52개
[10] ⏰ 8.2초 대기 중...
[10] ✅ 총: 20개 | 신규: 0개 | 중복: 20개 | 누적 유니크: 52개
[11] ⏰ 11.9초 대기 중...
[11] ✅ 총: 20개 | 신규: 8개 | 중복: 12개 | 누적 유니크: 60개
[12] ⏰ 10.7초 대기 중...
[12] ✅ 총: 20개 | 신규: 2개 | 중복: 18개 | 누적 유니크: 62개
[13] ⏰ 11.3초 대기 중...
[13] ✅ 총: 20개 | 신규: 3개 | 중복: 17개 | 누적 유니크: 65개
[14] ⏰ 7.6초 대기 중...
[14] ✅ 총: 20개 | 신규: 1개 | 중복: 19개 | 누적 유니크: 66개
[15] ⏰ 10.0초 대기 중...
[15] ✅ 총: 20개 | 신규: 0개 | 중복: 20개 | 누적 유니크: 66개
[16] ⏰ 11.6초 대기 중...
[16] ✅ 총: 20개 | 신규: 0개 | 중복: 20개 | 누적 유니크: 66개
[17] ⏰ 10.3초 대기 중...
[17] ✅ 총: 20개 | 신규: 0개 | 중복: 20개 | 누적 유니크: 66개
[18] ⏰ 8.2초 대기 중...
[18] ✅ 총: 20개 | 신규: 1개 | 중복: 19개 | 누적 유니크: 67개
[19] ⏰ 9.1초 대기 중...
[19] ✅ 총: 20개 | 신규: 0개 | 중복: 20개 | 누적 유니크: 67개
[20] ⏰ 7.3초 대기 중...
[20] ✅ 총: 20개 | 신규: 0개 | 중복: 20개 | 누적 유니크: 67개
📊 수집 요약
==================================================
🔍 키워드: automotive tire compressor
📄 페이지: 20개
📦 총 수집: 400개
✅ 유니크: 67개
🔄 중복 제거: 333개 (83.2%)

🏆 최다 등장 제조사 TOP3:
  1. Yiwu Wuzhao E-Commerce Co., Ltd.
     - 등장: 15번 (페이지: 1, 2, 3, 4, 5, 11, 12, 13, 14, 15, 16, 17, 18, 19, 20)
  2. Fuzhou Mico Automotive Supplies Co., Ltd
     - 등장: 15번 (페이지: 1, 2, 3, 4, 5, 11, 12, 13, 14, 15, 16, 17, 18, 19, 20)
  3. Foshan Yalian Auto Parts Trade Co., Ltd.
     - 등장: 15번 (페이지: 1, 2, 3, 4, 5, 11, 12, 13, 14, 15, 16, 17, 18, 19, 20)
==================================================
✅ automotive tire compressor → suppliers_all.json 생성 완료 (중복 제거됨)

[7/14] 🔍 키워드 수집 시도: vehicle air pump for tires
수집 설정: page_size=20, max_pages=20
[1] ⏰ 7.4초 대기 중...
[1] ✅ 총: 20개 | 신규: 20개 | 중복: 0개 | 누적 유니크: 20개
[2] ⏰ 7.5초 대기 중...
[2] ✅ 총: 20개 | 신규: 15개 | 중복: 5개 | 누적 유니크: 35개
[3] ⏰ 8.3초 대기 중...
[3] ✅ 총: 20개 | 신규: 1개 | 중복: 19개 | 누적 유니크: 36개
[4] ⏰ 10.8초 대기 중...
[4] ✅ 총: 20개 | 신규: 4개 | 중복: 16개 | 누적 유니크: 40개
[5] ⏰ 9.2초 대기 중...
[5] ✅ 총: 20개 | 신규: 0개 | 중복: 20개 | 누적 유니크: 40개
[6] ⏰ 8.3초 대기 중...
[6] ✅ 총: 20개 | 신규: 12개 | 중복: 8개 | 누적 유니크: 52개
[7] ⏰ 10.5초 대기 중...
[7] ✅ 총: 20개 | 신규: 10개 | 중복: 10개 | 누적 유니크: 62개
[8] ⏰ 9.2초 대기 중...
[8] ✅ 총: 20개 | 신규: 1개 | 중복: 19개 | 누적 유니크: 63개
[9] ⏰ 8.7초 대기 중...
[9] ✅ 총: 20개 | 신규: 4개 | 중복: 16개 | 누적 유니크: 67개
[10] ⏰ 10.8초 대기 중...
[10] ✅ 총: 20개 | 신규: 2개 | 중복: 18개 | 누적 유니크: 69개
[11] ⏰ 8.0초 대기 중...
[11] ✅ 총: 20개 | 신규: 9개 | 중복: 11개 | 누적 유니크: 78개
[12] ⏰ 11.6초 대기 중...
[12] ✅ 총: 20개 | 신규: 2개 | 중복: 18개 | 누적 유니크: 80개
[13] ⏰ 6.7초 대기 중...
[13] ✅ 총: 20개 | 신규: 1개 | 중복: 19개 | 누적 유니크: 81개
[14] ⏰ 10.7초 대기 중...
[14] ✅ 총: 20개 | 신규: 0개 | 중복: 20개 | 누적 유니크: 81개
[15] ⏰ 10.6초 대기 중...
[15] ✅ 총: 20개 | 신규: 1개 | 중복: 19개 | 누적 유니크: 82개
[16] ⏰ 10.5초 대기 중...
[16] ✅ 총: 20개 | 신규: 0개 | 중복: 20개 | 누적 유니크: 82개
[17] ⏰ 10.2초 대기 중...
[17] ✅ 총: 20개 | 신규: 1개 | 중복: 19개 | 누적 유니크: 83개
[18] ⏰ 6.7초 대기 중...
[18] ✅ 총: 20개 | 신규: 0개 | 중복: 20개 | 누적 유니크: 83개
[19] ⏰ 10.0초 대기 중...
[19] ✅ 총: 20개 | 신규: 0개 | 중복: 20개 | 누적 유니크: 83개
[20] ⏰ 9.0초 대기 중...
[20] ✅ 총: 20개 | 신규: 0개 | 중복: 20개 | 누적 유니크: 83개
📊 수집 요약
==================================================
🔍 키워드: vehicle air pump for tires
📄 페이지: 20개
📦 총 수집: 400개
✅ 유니크: 83개
🔄 중복 제거: 317개 (79.2%)

🏆 최다 등장 제조사 TOP3:
  1. Yiwu Laiben Trade Co., Ltd.
     - 등장: 18번 (페이지: 1, 3, 4, 5, 6, 7, 8, 10, 11, 12, 13, 14, 15, 16, 17, 18, 19, 20)
  2. SHANGHAI MACWAY ELECTRICAL CO., LTD.
     - 등장: 17번 (페이지: 1, 2, 3, 4, 5, 6, 9, 11, 12, 13, 14, 15, 16, 17, 18, 19, 20)
  3. Ningbo Zhenhai Bowang Autoparts Co., Ltd
     - 등장: 15번 (페이지: 2, 6, 7, 8, 9, 10, 11, 12, 13, 14, 15, 16, 17, 18, 19)
==================================================
✅ vehicle air pump for tires → suppliers_all.json 생성 완료 (중복 제거됨)

[8/14] 🔍 키워드 수집 시도: Car Wireless Charger Silicone Pad
수집 설정: page_size=20, max_pages=20
[1] ⏰ 8.4초 대기 중...
[1] ✅ 총: 20개 | 신규: 20개 | 중복: 0개 | 누적 유니크: 20개
[2] ⏰ 9.2초 대기 중...
[2] ✅ 총: 20개 | 신규: 5개 | 중복: 15개 | 누적 유니크: 25개
[3] ⏰ 8.1초 대기 중...
[3] ✅ 총: 20개 | 신규: 2개 | 중복: 18개 | 누적 유니크: 27개
[4] ⏰ 9.6초 대기 중...
[4] ✅ 총: 20개 | 신규: 3개 | 중복: 17개 | 누적 유니크: 30개
[5] ⏰ 9.7초 대기 중...
[5] ✅ 총: 20개 | 신규: 0개 | 중복: 20개 | 누적 유니크: 30개
[6] ⏰ 7.4초 대기 중...
[6] ✅ 총: 20개 | 신규: 13개 | 중복: 7개 | 누적 유니크: 43개
[7] ⏰ 9.0초 대기 중...
[7] ✅ 총: 20개 | 신규: 5개 | 중복: 15개 | 누적 유니크: 48개
[8] ⏰ 7.1초 대기 중...
[8] ✅ 총: 20개 | 신규: 1개 | 중복: 19개 | 누적 유니크: 49개
[9] ⏰ 6.3초 대기 중...
[9] ✅ 총: 20개 | 신규: 1개 | 중복: 19개 | 누적 유니크: 50개
[10] ⏰ 7.6초 대기 중...
[10] ✅ 총: 20개 | 신규: 0개 | 중복: 20개 | 누적 유니크: 50개
[11] ⏰ 9.1초 대기 중...
[11] ✅ 총: 20개 | 신규: 18개 | 중복: 2개 | 누적 유니크: 68개
[12] ⏰ 7.1초 대기 중...
[12] ✅ 총: 20개 | 신규: 8개 | 중복: 12개 | 누적 유니크: 76개
[13] ⏰ 7.7초 대기 중...
[13] ✅ 총: 20개 | 신규: 1개 | 중복: 19개 | 누적 유니크: 77개
[14] ⏰ 8.7초 대기 중...
[14] ✅ 총: 20개 | 신규: 9개 | 중복: 11개 | 누적 유니크: 86개
[15] ⏰ 9.2초 대기 중...
[15] ✅ 총: 20개 | 신규: 4개 | 중복: 16개 | 누적 유니크: 90개
[16] ⏰ 7.2초 대기 중...
[16] ✅ 총: 20개 | 신규: 10개 | 중복: 10개 | 누적 유니크: 100개
[17] ⏰ 8.8초 대기 중...
[17] ✅ 총: 20개 | 신규: 0개 | 중복: 20개 | 누적 유니크: 100개
[18] ⏰ 7.9초 대기 중...
[18] ✅ 총: 20개 | 신규: 1개 | 중복: 19개 | 누적 유니크: 101개
[19] ⏰ 8.4초 대기 중...
[19] ✅ 총: 20개 | 신규: 1개 | 중복: 19개 | 누적 유니크: 102개
[20] ⏰ 9.4초 대기 중...
[20] ✅ 총: 20개 | 신규: 0개 | 중복: 20개 | 누적 유니크: 102개
📊 수집 요약
==================================================
🔍 키워드: Car Wireless Charger Silicone Pad
📄 페이지: 20개
📦 총 수집: 400개
✅ 유니크: 102개
🔄 중복 제거: 298개 (74.5%)

🏆 최다 등장 제조사 TOP3:
  1. Shenzhen Yunchen Technology Co., Ltd.
     - 등장: 14번 (페이지: 1, 2, 3, 4, 5, 6, 8, 14, 15, 16, 17, 18, 19, 20)
  2. Shenzhen Carsoul Technology Co., Ltd.
     - 등장: 13번 (페이지: 1, 6, 7, 8, 9, 10, 12, 15, 16, 17, 18, 19, 20)
  3. Yiwu Xinyi Import And Export Co., Ltd.
     - 등장: 13번 (페이지: 1, 2, 3, 4, 5, 6, 7, 8, 9, 10, 15, 19, 20)
==================================================
✅ Car Wireless Charger Silicone Pad → suppliers_all.json 생성 완료 (중복 제거됨)

[9/14] 🔍 키워드 수집 시도: Automotive Wireless Charging Pad Silicone
수집 설정: page_size=20, max_pages=20
[1] ⏰ 6.5초 대기 중...
[1] ✅ 총: 20개 | 신규: 20개 | 중복: 0개 | 누적 유니크: 20개
[2] ⏰ 10.6초 대기 중...
[2] ✅ 총: 20개 | 신규: 2개 | 중복: 18개 | 누적 유니크: 22개
[3] ⏰ 9.3초 대기 중...
[3] ✅ 총: 20개 | 신규: 2개 | 중복: 18개 | 누적 유니크: 24개
[4] ⏰ 11.3초 대기 중...
[4] ✅ 총: 20개 | 신규: 0개 | 중복: 20개 | 누적 유니크: 24개
[5] ⏰ 9.8초 대기 중...
[5] ✅ 총: 20개 | 신규: 3개 | 중복: 17개 | 누적 유니크: 27개
[6] ⏰ 7.4초 대기 중...
[6] ✅ 총: 20개 | 신규: 16개 | 중복: 4개 | 누적 유니크: 43개
[7] ⏰ 7.8초 대기 중...
[7] ✅ 총: 20개 | 신규: 2개 | 중복: 18개 | 누적 유니크: 45개
[8] ⏰ 7.0초 대기 중...
[8] ❌ JSON 파싱 실패: Expecting value: line 3 column 1 (char 4)
📊 수집 요약
==================================================
🔍 키워드: Automotive Wireless Charging Pad Silicone
📄 페이지: 7개
📦 총 수집: 140개
✅ 유니크: 45개
🔄 중복 제거: 95개 (67.9%)

🏆 최다 등장 제조사 TOP3:
  1. Shenzhen Yunchen Technology Co., Ltd.
     - 등장: 7번 (페이지: 1, 2, 3, 4, 5, 6, 7)
  2. Shenzhen Carsoul Technology Co., Ltd.
     - 등장: 7번 (페이지: 1, 2, 3, 4, 5, 6, 7)
  3. Jingchi (guangzhou) Auto Supplies Co., L
     - 등장: 7번 (페이지: 1, 2, 3, 4, 5, 6, 7)
==================================================
✅ Automotive Wireless Charging Pad Silicone → suppliers_all.json 생성 완료 (중복 제거됨)

[10/14] 🔍 키워드 수집 시도: Vehicle Wireless Charging Mat Silicone
수집 설정: page_size=20, max_pages=20
[1] ⏰ 8.0초 대기 중...
[1] ❌ JSON 파싱 실패: Expecting value: line 3 column 1 (char 4)
📊 수집 요약
==================================================
🔍 키워드: Vehicle Wireless Charging Mat Silicone
📄 페이지: 0개
📦 총 수집: 0개
✅ 유니크: 0개
🔄 중복 제거: 0개 (0.0%)
==================================================
✅ Vehicle Wireless Charging Mat Silicone → suppliers_all.json 생성 완료 (중복 제거됨)
⚠️ Vehicle Wireless Charging Mat Silicone: 1차 수집 실패

⚠️ 실패한 키워드 목록 저장: C:\Users\dahyunss\final_sourcing\alibaba_sourcing3\1_output\260226\sourcing_data\supplier_search_260226_en\failed_keywords.json
☕ 배치 휴식 중... (3.8분)

[11/14] 🔍 키워드 수집 시도: Vehicle Trunk Storage Box
수집 설정: page_size=20, max_pages=20
[1] ⏰ 9.9초 대기 중...
[1] ❌ JSON 파싱 실패: Expecting value: line 3 column 1 (char 4)
📊 수집 요약
==================================================
🔍 키워드: Vehicle Trunk Storage Box
📄 페이지: 0개
📦 총 수집: 0개
✅ 유니크: 0개
🔄 중복 제거: 0개 (0.0%)
==================================================
✅ Vehicle Trunk Storage Box → suppliers_all.json 생성 완료 (중복 제거됨)
⚠️ Vehicle Trunk Storage Box: 1차 수집 실패

⚠️ 실패한 키워드 목록 저장: C:\Users\dahyunss\final_sourcing\alibaba_sourcing3\1_output\260226\sourcing_data\supplier_search_260226_en\failed_keywords.json

[13/14] 🔍 키워드 수집 시도: Vehicle Tire Air Pump
수집 설정: page_size=20, max_pages=20
[1] ⏰ 7.2초 대기 중...
[1] ❌ JSON 파싱 실패: Expecting value: line 3 column 1 (char 4)
📊 수집 요약
==================================================
🔍 키워드: Vehicle Tire Air Pump
📄 페이지: 0개
📦 총 수집: 0개
✅ 유니크: 0개
🔄 중복 제거: 0개 (0.0%)
==================================================
✅ Vehicle Tire Air Pump → suppliers_all.json 생성 완료 (중복 제거됨)
⚠️ Vehicle Tire Air Pump: 1차 수집 실패

⚠️ 실패한 키워드 목록 저장: C:\Users\dahyunss\final_sourcing\alibaba_sourcing3\1_output\260226\sourcing_data\supplier_search_260226_en\failed_keywords.json

[14/14] 🔍 키워드 수집 시도: Vehicle Wireless Charging Silicone Mat
수집 설정: page_size=20, max_pages=20
[1] ⏰ 6.5초 대기 중...
[1] ❌ JSON 파싱 실패: Expecting value: line 3 column 1 (char 4)
📊 수집 요약
==================================================
🔍 키워드: Vehicle Wireless Charging Silicone Mat
📄 페이지: 0개
📦 총 수집: 0개
✅ 유니크: 0개
🔄 중복 제거: 0개 (0.0%)
==================================================
✅ Vehicle Wireless Charging Silicone Mat → suppliers_all.json 생성 완료 (중복 제거됨)
⚠️ Vehicle Wireless Charging Silicone Mat: 1차 수집 실패

⚠️ 실패한 키워드 목록 저장: C:\Users\dahyunss\final_sourcing\alibaba_sourcing3\1_output\260226\sourcing_data\supplier_search_260226_en\failed_keywords.json

============================================================
🔄 실패한 키워드 4개에 대해 재시도를 시작합니다.
============================================================

🔄 [재시도 1회차] 시작 (대상: 4개)
  (1/4) 다시 시도 중: Vehicle Wireless Charging Mat Silicone
수집 설정: page_size=20, max_pages=20
[1] ⏰ 9.1초 대기 중...
[1] ❌ JSON 파싱 실패: Expecting value: line 3 column 1 (char 4)
📊 수집 요약
==================================================
🔍 키워드: Vehicle Wireless Charging Mat Silicone
📄 페이지: 0개
📦 총 수집: 0개
✅ 유니크: 0개
🔄 중복 제거: 0개 (0.0%)
==================================================
✅ Vehicle Wireless Charging Mat Silicone → suppliers_all.json 생성 완료 (중복 제거됨)
  ❌ Vehicle Wireless Charging Mat Silicone: 여전히 실패
  (2/4) 다시 시도 중: Vehicle Trunk Storage Box
수집 설정: page_size=20, max_pages=20
[1] ⏰ 6.4초 대기 중...
[1] ❌ JSON 파싱 실패: Expecting value: line 3 column 1 (char 4)
📊 수집 요약
==================================================
🔍 키워드: Vehicle Trunk Storage Box
📄 페이지: 0개
📦 총 수집: 0개
✅ 유니크: 0개
🔄 중복 제거: 0개 (0.0%)
==================================================
✅ Vehicle Trunk Storage Box → suppliers_all.json 생성 완료 (중복 제거됨)
  ❌ Vehicle Trunk Storage Box: 여전히 실패
  (3/4) 다시 시도 중: Vehicle Tire Air Pump
수집 설정: page_size=20, max_pages=20
[1] ⏰ 6.5초 대기 중...
[1] ❌ JSON 파싱 실패: Expecting value: line 3 column 1 (char 4)
📊 수집 요약
==================================================
🔍 키워드: Vehicle Tire Air Pump
📄 페이지: 0개
📦 총 수집: 0개
✅ 유니크: 0개
🔄 중복 제거: 0개 (0.0%)
==================================================
✅ Vehicle Tire Air Pump → suppliers_all.json 생성 완료 (중복 제거됨)
  ❌ Vehicle Tire Air Pump: 여전히 실패
  (4/4) 다시 시도 중: Vehicle Wireless Charging Silicone Mat
수집 설정: page_size=20, max_pages=20
[1] ⏰ 8.1초 대기 중...
[1] ❌ JSON 파싱 실패: Expecting value: line 3 column 1 (char 4)
📊 수집 요약
==================================================
🔍 키워드: Vehicle Wireless Charging Silicone Mat
📄 페이지: 0개
📦 총 수집: 0개
✅ 유니크: 0개
🔄 중복 제거: 0개 (0.0%)
==================================================
✅ Vehicle Wireless Charging Silicone Mat → suppliers_all.json 생성 완료 (중복 제거됨)
  ❌ Vehicle Wireless Charging Silicone Mat: 여전히 실패

⚠️ 실패한 키워드 목록 저장: C:\Users\dahyunss\final_sourcing\alibaba_sourcing3\1_output\260226\sourcing_data\supplier_search_260226_en\failed_keywords.json

🔄 [재시도 2회차] 시작 (대상: 4개)
  (1/4) 다시 시도 중: Vehicle Wireless Charging Mat Silicone
수집 설정: page_size=20, max_pages=20
[1] ⏰ 8.4초 대기 중...
[1] ❌ JSON 파싱 실패: Expecting value: line 3 column 1 (char 4)
📊 수집 요약
==================================================
🔍 키워드: Vehicle Wireless Charging Mat Silicone
📄 페이지: 0개
📦 총 수집: 0개
✅ 유니크: 0개
🔄 중복 제거: 0개 (0.0%)
==================================================
✅ Vehicle Wireless Charging Mat Silicone → suppliers_all.json 생성 완료 (중복 제거됨)
  ❌ Vehicle Wireless Charging Mat Silicone: 여전히 실패
  (2/4) 다시 시도 중: Vehicle Trunk Storage Box
수집 설정: page_size=20, max_pages=20
[1] ⏰ 9.0초 대기 중...
[1] ❌ JSON 파싱 실패: Expecting value: line 3 column 1 (char 4)
📊 수집 요약
==================================================
🔍 키워드: Vehicle Trunk Storage Box
📄 페이지: 0개
📦 총 수집: 0개
✅ 유니크: 0개
🔄 중복 제거: 0개 (0.0%)
==================================================
✅ Vehicle Trunk Storage Box → suppliers_all.json 생성 완료 (중복 제거됨)
  ❌ Vehicle Trunk Storage Box: 여전히 실패
  (3/4) 다시 시도 중: Vehicle Tire Air Pump
수집 설정: page_size=20, max_pages=20
[1] ⏰ 9.6초 대기 중...
[1] ❌ JSON 파싱 실패: Expecting value: line 3 column 1 (char 4)
📊 수집 요약
==================================================
🔍 키워드: Vehicle Tire Air Pump
📄 페이지: 0개
📦 총 수집: 0개
✅ 유니크: 0개
🔄 중복 제거: 0개 (0.0%)
==================================================
✅ Vehicle Tire Air Pump → suppliers_all.json 생성 완료 (중복 제거됨)
  ❌ Vehicle Tire Air Pump: 여전히 실패
  (4/4) 다시 시도 중: Vehicle Wireless Charging Silicone Mat
수집 설정: page_size=20, max_pages=20
[1] ⏰ 10.6초 대기 중...
[1] ❌ JSON 파싱 실패: Expecting value: line 3 column 1 (char 4)
📊 수집 요약
==================================================
🔍 키워드: Vehicle Wireless Charging Silicone Mat
📄 페이지: 0개
📦 총 수집: 0개
✅ 유니크: 0개
🔄 중복 제거: 0개 (0.0%)
==================================================
✅ Vehicle Wireless Charging Silicone Mat → suppliers_all.json 생성 완료 (중복 제거됨)
  ❌ Vehicle Wireless Charging Silicone Mat: 여전히 실패

⚠️ 실패한 키워드 목록 저장: C:\Users\dahyunss\final_sourcing\alibaba_sourcing3\1_output\260226\sourcing_data\supplier_search_260226_en\failed_keywords.json

🔄 [재시도 3회차] 시작 (대상: 4개)
  (1/4) 다시 시도 중: Vehicle Wireless Charging Mat Silicone
수집 설정: page_size=20, max_pages=20
[1] ⏰ 11.1초 대기 중...
[1] ❌ JSON 파싱 실패: Expecting value: line 3 column 1 (char 4)
📊 수집 요약
==================================================
🔍 키워드: Vehicle Wireless Charging Mat Silicone
📄 페이지: 0개
📦 총 수집: 0개
✅ 유니크: 0개
🔄 중복 제거: 0개 (0.0%)
==================================================
✅ Vehicle Wireless Charging Mat Silicone → suppliers_all.json 생성 완료 (중복 제거됨)
  ❌ Vehicle Wireless Charging Mat Silicone: 여전히 실패
  (2/4) 다시 시도 중: Vehicle Trunk Storage Box
수집 설정: page_size=20, max_pages=20
[1] ⏰ 7.3초 대기 중...
[1] ❌ JSON 파싱 실패: Expecting value: line 3 column 1 (char 4)
📊 수집 요약
==================================================
🔍 키워드: Vehicle Trunk Storage Box
📄 페이지: 0개
📦 총 수집: 0개
✅ 유니크: 0개
🔄 중복 제거: 0개 (0.0%)
==================================================
✅ Vehicle Trunk Storage Box → suppliers_all.json 생성 완료 (중복 제거됨)
  ❌ Vehicle Trunk Storage Box: 여전히 실패
  (3/4) 다시 시도 중: Vehicle Tire Air Pump
수집 설정: page_size=20, max_pages=20
[1] ⏰ 7.0초 대기 중...
[1] ❌ JSON 파싱 실패: Expecting value: line 3 column 1 (char 4)
📊 수집 요약
==================================================
🔍 키워드: Vehicle Tire Air Pump
📄 페이지: 0개
📦 총 수집: 0개
✅ 유니크: 0개
🔄 중복 제거: 0개 (0.0%)
==================================================
✅ Vehicle Tire Air Pump → suppliers_all.json 생성 완료 (중복 제거됨)
  ❌ Vehicle Tire Air Pump: 여전히 실패
  (4/4) 다시 시도 중: Vehicle Wireless Charging Silicone Mat
수집 설정: page_size=20, max_pages=20
[1] ⏰ 10.7초 대기 중...
[1] ❌ JSON 파싱 실패: Expecting value: line 3 column 1 (char 4)
📊 수집 요약
==================================================
🔍 키워드: Vehicle Wireless Charging Silicone Mat
📄 페이지: 0개
📦 총 수집: 0개
✅ 유니크: 0개
🔄 중복 제거: 0개 (0.0%)
==================================================
✅ Vehicle Wireless Charging Silicone Mat → suppliers_all.json 생성 완료 (중복 제거됨)
  ❌ Vehicle Wireless Charging Silicone Mat: 여전히 실패

⚠️ 실패한 키워드 목록 저장: C:\Users\dahyunss\final_sourcing\alibaba_sourcing3\1_output\260226\sourcing_data\supplier_search_260226_en\failed_keywords.json

============================================================
📊 최종 수집 완료 (남은 실패 키워드: 4개)
============================================================


============================================================
🔄 모든 키워드의 suppliers_all.json 통합 시작
============================================================
📁 발견된 키워드 폴더: 13개
  ✅ Automotive Cargo Storage Box (9 pages)
  ✅ automotive tire compressor (13 pages)
  ✅ Automotive Wireless Charging Pad Silicone (6 pages)
  ✅ car tire inflator (6 pages)
  ✅ Car Trunk Organizer (12 pages)
  ✅ Car Wireless Charger Silicone Pad (16 pages)
  ✅ portable tire air pump (15 pages)
  ✅ vehicle air pump for tires (14 pages)
  ✅ Vehicle Boot Organizer Container (13 pages)
  ⚠️ Vehicle Tire Air Pump: 데이터 구조 이상
  ⚠️ Vehicle Trunk Storage Box: 데이터 구조 이상
  ⚠️ Vehicle Wireless Charging Mat Silicone: 데이터 구조 이상
  ⚠️ Vehicle Wireless Charging Silicone Mat: 데이터 구조 이상
✅ 통합 완료: C:\Users\dahyunss\final_sourcing\alibaba_sourcing3\1_output\260226\sourcing_data\supplier_search_260226_en\all_keywords_suppliers_en.json
📊 총 9개 키워드 데이터 통합

============================================================
🔄 JSON → CSV 변환 시작
============================================================
📂 소스: C:\Users\dahyunss\final_sourcing\alibaba_sourcing3\1_output\260226\sourcing_data\supplier_search_260226_en\all_keywords_suppliers_en.json
📊 키워드 수: 9
✅ 14개 키워드-general 매핑 로드 완료
📦 총 제조사 수: 678
📦 총 제품 수: 2858

🔧 supplier_mainProducts 후처리 중...
✅ 후처리 완료: 2858개 → 2858개 (유효 데이터)

📋 최종 컬럼 순서 재배치 중...

✅ CSV 변환 완료: C:\Users\dahyunss\final_sourcing\alibaba_sourcing3\1_output\260226\sourcing_data\supplier_search_260226_en\all_keywords_suppliers_en.csv
📊 최종 행 수: 2,858개
